  Main.cpp
  GLM: GLM_MESSAGES is deprecated, use GLM_FORCE_MESSAGES instead
  GLM: Windows platform detected
  GLM: version 0.9.8.3
  GLM: Visual C++ compiler detected
  GLM: 32 bits model
  GLM: Platform independent code
  GLM: C++0x
  GLM: Language extensions enabled
  GLM: Swizzling operators disabled, #define GLM_SWIZZLE to enable swizzle operators
  GLM: Depth clip space: negative one to one
  GLM: Coordinate system: right handed
  GLM: .length() returns glm::length_t, a typedef of int following the GLSL specification
  GLM: Core library included
  GLM: GLM_GTC_constants extension included
  GLM: GLM_GTC_matrix_transform extension included
  GLM: GLM_GTC_quaternion extension included
  GLM: GLM_GTC_type_ptr extension included
c:\users\christopher bass\documents\school\fall 2016\barnes\465\opengl\warbird\planet.hpp(104): warning C4018: '<': signed/unsigned mismatch
c:\users\christopher bass\documents\school\fall 2016\barnes\465\opengl\warbird\missile.hpp(101): warning C4018: '<': signed/unsigned mismatch
c:\users\christopher bass\documents\school\fall 2016\barnes\465\opengl\warbird\missile.hpp(232): warning C4018: '<': signed/unsigned mismatch
c:\users\christopher bass\documents\school\fall 2016\barnes\465\opengl\warbird\warbird.hpp(246): warning C4101: 'status': unreferenced local variable
c:\users\christopher bass\documents\school\fall 2016\barnes\465\opengl\warbird\collision.hpp(36): warning C4018: '<': signed/unsigned mismatch
c:\users\christopher bass\documents\school\fall 2016\barnes\465\opengl\warbird\collision.hpp(48): warning C4018: '<': signed/unsigned mismatch
c:\users\christopher bass\documents\school\fall 2016\barnes\465\opengl\warbird\collision.hpp(64): warning C4018: '<': signed/unsigned mismatch
c:\users\christopher bass\documents\school\fall 2016\barnes\465\opengl\warbird\main.cpp(210): warning C4305: 'argument': truncation from 'double' to 'float'
c:\users\christopher bass\documents\school\fall 2016\barnes\465\opengl\warbird\main.cpp(211): warning C4305: 'argument': truncation from 'double' to 'float'
c:\users\christopher bass\documents\school\fall 2016\barnes\465\opengl\warbird\main.cpp(212): warning C4305: 'argument': truncation from 'double' to 'float'
c:\users\christopher bass\documents\school\fall 2016\barnes\465\opengl\warbird\main.cpp(213): warning C4305: 'argument': truncation from 'double' to 'float'
c:\users\christopher bass\documents\school\fall 2016\barnes\465\opengl\warbird\main.cpp(428): warning C4018: '<': signed/unsigned mismatch
c:\users\christopher bass\documents\school\fall 2016\barnes\465\opengl\warbird\main.cpp(437): warning C4018: '<': signed/unsigned mismatch
c:\users\christopher bass\documents\school\fall 2016\barnes\465\opengl\warbird\main.cpp(446): warning C4018: '<': signed/unsigned mismatch
  WarBird.vcxproj -> C:\Users\Christopher Bass\Documents\School\Fall 2016\Barnes\465\OpenGl\WarBird\Debug\WarBird.exe
  WarBird.vcxproj -> C:\Users\Christopher Bass\Documents\School\Fall 2016\Barnes\465\OpenGl\WarBird\Debug\WarBird.pdb (Partial PDB)
